# JRE version: OpenJDK Runtime Environment (8.0_212-b04) (build 1.8.0_212-release-1586-b04)
# Java VM: OpenJDK 64-Bit Server VM (25.212-b04 mixed mode windows-amd64 compressed oops)
Heap:
 PSYoungGen      total 296448K, used 215815K [0x00000000e0000000, 0x00000000f7080000, 0x0000000100000000)
  eden space 272384K, 71% used [0x00000000e0000000,0x00000000ebd1d138,0x00000000f0a00000)
  from space 24064K, 92% used [0x00000000f0a00000,0x00000000f1fa4c38,0x00000000f2180000)
  to   space 27136K, 0% used [0x00000000f5600000,0x00000000f5600000,0x00000000f7080000)
 ParOldGen       total 93184K, used 35139K [0x00000000a0000000, 0x00000000a5b00000, 0x00000000e0000000)
  object space 93184K, 37% used [0x00000000a0000000,0x00000000a2250f68,0x00000000a5b00000)
 Metaspace       used 68342K, capacity 70848K, committed 70952K, reserved 1110016K
  class space    used 9141K, capacity 9735K, committed 9768K, reserved 1048576K
GC Heap History (10 events):
Event: 11.974 GC heap before
{Heap before GC invocations=10 (full 2):
 PSYoungGen      total 238080K, used 10719K [0x00000000e0000000, 0x00000000efc00000, 0x0000000100000000)
  eden space 225280K, 0% used [0x00000000e0000000,0x00000000e0000000,0x00000000edc00000)
  from space 12800K, 83% used [0x00000000eea00000,0x00000000ef477e10,0x00000000ef680000)
  to   space 14336K, 0% used [0x00000000edc00000,0x00000000edc00000,0x00000000eea00000)
 ParOldGen       total 41984K, used 16712K [0x00000000a0000000, 0x00000000a2900000, 0x00000000e0000000)
  object space 41984K, 39% used [0x00000000a0000000,0x00000000a1052118,0x00000000a2900000)
 Metaspace       used 34674K, capacity 35396K, committed 35496K, reserved 1079296K
  class space    used 4773K, capacity 5017K, committed 5032K, reserved 1048576K
Event: 12.142 GC heap after
Heap after GC invocations=10 (full 2):
 PSYoungGen      total 238080K, used 0K [0x00000000e0000000, 0x00000000efc00000, 0x0000000100000000)
  eden space 225280K, 0% used [0x00000000e0000000,0x00000000e0000000,0x00000000edc00000)
  from space 12800K, 0% used [0x00000000eea00000,0x00000000eea00000,0x00000000ef680000)
  to   space 14336K, 0% used [0x00000000edc00000,0x00000000edc00000,0x00000000eea00000)
 ParOldGen       total 58368K, used 17574K [0x00000000a0000000, 0x00000000a3900000, 0x00000000e0000000)
  object space 58368K, 30% used [0x00000000a0000000,0x00000000a1129bb8,0x00000000a3900000)
 Metaspace       used 34670K, capacity 35384K, committed 35496K, reserved 1079296K
  class space    used 4772K, capacity 5015K, committed 5032K, reserved 1048576K
}
Event: 16.076 GC heap before
{Heap before GC invocations=11 (full 2):
 PSYoungGen      total 238080K, used 225280K [0x00000000e0000000, 0x00000000efc00000, 0x0000000100000000)
  eden space 225280K, 100% used [0x00000000e0000000,0x00000000edc00000,0x00000000edc00000)
  from space 12800K, 0% used [0x00000000eea00000,0x00000000eea00000,0x00000000ef680000)
  to   space 14336K, 0% used [0x00000000edc00000,0x00000000edc00000,0x00000000eea00000)
 ParOldGen       total 58368K, used 17574K [0x00000000a0000000, 0x00000000a3900000, 0x00000000e0000000)
  object space 58368K, 30% used [0x00000000a0000000,0x00000000a1129bb8,0x00000000a3900000)
 Metaspace       used 52025K, capacity 53466K, committed 53672K, reserved 1095680K
  class space    used 7054K, capacity 7477K, committed 7592K, reserved 1048576K
Event: 16.116 GC heap after
Heap after GC invocations=11 (full 2):
 PSYoungGen      total 239616K, used 14324K [0x00000000e0000000, 0x00000000f3600000, 0x0000000100000000)
  eden space 225280K, 0% used [0x00000000e0000000,0x00000000e0000000,0x00000000edc00000)
  from space 14336K, 99% used [0x00000000edc00000,0x00000000ee9fd108,0x00000000eea00000)
  to   space 20992K, 0% used [0x00000000f2180000,0x00000000f2180000,0x00000000f3600000)
 ParOldGen       total 58368K, used 28847K [0x00000000a0000000, 0x00000000a3900000, 0x00000000e0000000)
  object space 58368K, 49% used [0x00000000a0000000,0x00000000a1c2bda0,0x00000000a3900000)
 Metaspace       used 52025K, capacity 53466K, committed 53672K, reserved 1095680K
  class space    used 7054K, capacity 7477K, committed 7592K, reserved 1048576K
}
Event: 17.486 GC heap before
{Heap before GC invocations=12 (full 2):
 PSYoungGen      total 239616K, used 98938K [0x00000000e0000000, 0x00000000f3600000, 0x0000000100000000)
  eden space 225280K, 37% used [0x00000000e0000000,0x00000000e52a1a58,0x00000000edc00000)
  from space 14336K, 99% used [0x00000000edc00000,0x00000000ee9fd108,0x00000000eea00000)
  to   space 20992K, 0% used [0x00000000f2180000,0x00000000f2180000,0x00000000f3600000)
 ParOldGen       total 58368K, used 28847K [0x00000000a0000000, 0x00000000a3900000, 0x00000000e0000000)
  object space 58368K, 49% used [0x00000000a0000000,0x00000000a1c2bda0,0x00000000a3900000)
 Metaspace       used 57374K, capacity 59086K, committed 59160K, reserved 1099776K
  class space    used 7831K, capacity 8290K, committed 8360K, reserved 1048576K
Event: 17.522 GC heap after
Heap after GC invocations=12 (full 2):
 PSYoungGen      total 293376K, used 20622K [0x00000000e0000000, 0x00000000f4080000, 0x0000000100000000)
  eden space 272384K, 0% used [0x00000000e0000000,0x00000000e0000000,0x00000000f0a00000)
  from space 20992K, 98% used [0x00000000f2180000,0x00000000f35a3a78,0x00000000f3600000)
  to   space 24064K, 0% used [0x00000000f0a00000,0x00000000f0a00000,0x00000000f2180000)
 ParOldGen       total 58368K, used 28919K [0x00000000a0000000, 0x00000000a3900000, 0x00000000e0000000)
  object space 58368K, 49% used [0x00000000a0000000,0x00000000a1c3ddb0,0x00000000a3900000)
 Metaspace       used 57374K, capacity 59086K, committed 59160K, reserved 1099776K
  class space    used 7831K, capacity 8290K, committed 8360K, reserved 1048576K
}
Event: 17.522 GC heap before
{Heap before GC invocations=13 (full 3):
 PSYoungGen      total 293376K, used 20622K [0x00000000e0000000, 0x00000000f4080000, 0x0000000100000000)
  eden space 272384K, 0% used [0x00000000e0000000,0x00000000e0000000,0x00000000f0a00000)
  from space 20992K, 98% used [0x00000000f2180000,0x00000000f35a3a78,0x00000000f3600000)
  to   space 24064K, 0% used [0x00000000f0a00000,0x00000000f0a00000,0x00000000f2180000)
 ParOldGen       total 58368K, used 28919K [0x00000000a0000000, 0x00000000a3900000, 0x00000000e0000000)
  object space 58368K, 49% used [0x00000000a0000000,0x00000000a1c3ddb0,0x00000000a3900000)
 Metaspace       used 57374K, capacity 59086K, committed 59160K, reserved 1099776K
  class space    used 7831K, capacity 8290K, committed 8360K, reserved 1048576K
Event: 17.818 GC heap after
Heap after GC invocations=13 (full 3):
 PSYoungGen      total 293376K, used 0K [0x00000000e0000000, 0x00000000f4080000, 0x0000000100000000)
  eden space 272384K, 0% used [0x00000000e0000000,0x00000000e0000000,0x00000000f0a00000)
  from space 20992K, 0% used [0x00000000f2180000,0x00000000f2180000,0x00000000f3600000)
  to   space 24064K, 0% used [0x00000000f0a00000,0x00000000f0a00000,0x00000000f2180000)
 ParOldGen       total 93184K, used 35131K [0x00000000a0000000, 0x00000000a5b00000, 0x00000000e0000000)
  object space 93184K, 37% used [0x00000000a0000000,0x00000000a224ef68,0x00000000a5b00000)
 Metaspace       used 57374K, capacity 59086K, committed 59160K, reserved 1099776K
  class space    used 7831K, capacity 8290K, committed 8360K, reserved 1048576K
}
Event: 22.004 GC heap before
{Heap before GC invocations=14 (full 3):
 PSYoungGen      total 293376K, used 272384K [0x00000000e0000000, 0x00000000f4080000, 0x0000000100000000)
  eden space 272384K, 100% used [0x00000000e0000000,0x00000000f0a00000,0x00000000f0a00000)
  from space 20992K, 0% used [0x00000000f2180000,0x00000000f2180000,0x00000000f3600000)
  to   space 24064K, 0% used [0x00000000f0a00000,0x00000000f0a00000,0x00000000f2180000)
 ParOldGen       total 93184K, used 35131K [0x00000000a0000000, 0x00000000a5b00000, 0x00000000e0000000)
  object space 93184K, 37% used [0x00000000a0000000,0x00000000a224ef68,0x00000000a5b00000)
 Metaspace       used 61722K, capacity 63802K, committed 64040K, reserved 1103872K
  class space    used 8383K, capacity 8904K, committed 9000K, reserved 1048576K
Event: 22.040 GC heap after
Heap after GC invocations=14 (full 3):
 PSYoungGen      total 296448K, used 22163K [0x00000000e0000000, 0x00000000f7080000, 0x0000000100000000)
  eden space 272384K, 0% used [0x00000000e0000000,0x00000000e0000000,0x00000000f0a00000)
  from space 24064K, 92% used [0x00000000f0a00000,0x00000000f1fa4c38,0x00000000f2180000)
  to   space 27136K, 0% used [0x00000000f5600000,0x00000000f5600000,0x00000000f7080000)
 ParOldGen       total 93184K, used 35139K [0x00000000a0000000, 0x00000000a5b00000, 0x00000000e0000000)
  object space 93184K, 37% used [0x00000000a0000000,0x00000000a2250f68,0x00000000a5b00000)
 Metaspace       used 61722K, capacity 63802K, committed 64040K, reserved 1103872K
  class space    used 8383K, capacity 8904K, committed 9000K, reserved 1048576K
}

