# JRE version: OpenJDK Runtime Environment (8.0_212-b04) (build 1.8.0_212-release-1586-b04)
# Java VM: OpenJDK 64-Bit Server VM (25.212-b04 mixed mode windows-amd64 compressed oops)
Heap:
 PSYoungGen      total 303616K, used 120757K [0x00000000e0000000, 0x00000000ffb00000, 0x0000000100000000)
  eden space 215040K, 38% used [0x00000000e0000000,0x00000000e5109258,0x00000000ed200000)
  from space 88576K, 42% used [0x00000000f4d80000,0x00000000f72644b0,0x00000000fa400000)
  to   space 126464K, 0% used [0x00000000ed200000,0x00000000ed200000,0x00000000f4d80000)
 ParOldGen       total 386560K, used 234164K [0x00000000a0000000, 0x00000000b7980000, 0x00000000e0000000)
  object space 386560K, 60% used [0x00000000a0000000,0x00000000ae4ad3f8,0x00000000b7980000)
 Metaspace       used 88418K, capacity 91826K, committed 92160K, reserved 1128448K
  class space    used 11415K, capacity 12151K, committed 12288K, reserved 1048576K
GC Heap History (10 events):
Event: 531.985 GC heap before
{Heap before GC invocations=25 (full 4):
 PSYoungGen      total 261120K, used 217824K [0x00000000e0000000, 0x00000000f4400000, 0x0000000100000000)
  eden space 203776K, 100% used [0x00000000e0000000,0x00000000ec700000,0x00000000ec700000)
  from space 57344K, 24% used [0x00000000f0c00000,0x00000000f19b8000,0x00000000f4400000)
  to   space 64000K, 0% used [0x00000000ec700000,0x00000000ec700000,0x00000000f0580000)
 ParOldGen       total 232960K, used 162518K [0x00000000a0000000, 0x00000000ae380000, 0x00000000e0000000)
  object space 232960K, 69% used [0x00000000a0000000,0x00000000a9eb5830,0x00000000ae380000)
 Metaspace       used 87767K, capacity 91174K, committed 91264K, reserved 1128448K
  class space    used 11381K, capacity 12111K, committed 12160K, reserved 1048576K
Event: 532.918 GC heap after
Heap after GC invocations=25 (full 4):
 PSYoungGen      total 267776K, used 9136K [0x00000000e0000000, 0x00000000f5280000, 0x0000000100000000)
  eden space 203776K, 0% used [0x00000000e0000000,0x00000000e0000000,0x00000000ec700000)
  from space 64000K, 14% used [0x00000000ec700000,0x00000000ecfec040,0x00000000f0580000)
  to   space 61440K, 0% used [0x00000000f1680000,0x00000000f1680000,0x00000000f5280000)
 ParOldGen       total 232960K, used 162526K [0x00000000a0000000, 0x00000000ae380000, 0x00000000e0000000)
  object space 232960K, 69% used [0x00000000a0000000,0x00000000a9eb7830,0x00000000ae380000)
 Metaspace       used 87767K, capacity 91174K, committed 91264K, reserved 1128448K
  class space    used 11381K, capacity 12111K, committed 12160K, reserved 1048576K
}
Event: 537.818 GC heap before
{Heap before GC invocations=26 (full 4):
 PSYoungGen      total 267776K, used 212912K [0x00000000e0000000, 0x00000000f5280000, 0x0000000100000000)
  eden space 203776K, 100% used [0x00000000e0000000,0x00000000ec700000,0x00000000ec700000)
  from space 64000K, 14% used [0x00000000ec700000,0x00000000ecfec040,0x00000000f0580000)
  to   space 61440K, 0% used [0x00000000f1680000,0x00000000f1680000,0x00000000f5280000)
 ParOldGen       total 232960K, used 162526K [0x00000000a0000000, 0x00000000ae380000, 0x00000000e0000000)
  object space 232960K, 69% used [0x00000000a0000000,0x00000000a9eb7830,0x00000000ae380000)
 Metaspace       used 88148K, capacity 91556K, committed 91776K, reserved 1128448K
  class space    used 11412K, capacity 12152K, committed 12160K, reserved 1048576K
Event: 538.091 GC heap after
Heap after GC invocations=26 (full 4):
 PSYoungGen      total 275968K, used 56226K [0x00000000e0000000, 0x00000000f6b80000, 0x0000000100000000)
  eden space 214528K, 0% used [0x00000000e0000000,0x00000000e0000000,0x00000000ed180000)
  from space 61440K, 91% used [0x00000000f1680000,0x00000000f4d68820,0x00000000f5280000)
  to   space 70656K, 0% used [0x00000000ed180000,0x00000000ed180000,0x00000000f1680000)
 ParOldGen       total 232960K, used 162534K [0x00000000a0000000, 0x00000000ae380000, 0x00000000e0000000)
  object space 232960K, 69% used [0x00000000a0000000,0x00000000a9eb9830,0x00000000ae380000)
 Metaspace       used 88148K, capacity 91556K, committed 91776K, reserved 1128448K
  class space    used 11412K, capacity 12152K, committed 12160K, reserved 1048576K
}
Event: 541.791 GC heap before
{Heap before GC invocations=27 (full 4):
 PSYoungGen      total 275968K, used 270754K [0x00000000e0000000, 0x00000000f6b80000, 0x0000000100000000)
  eden space 214528K, 100% used [0x00000000e0000000,0x00000000ed180000,0x00000000ed180000)
  from space 61440K, 91% used [0x00000000f1680000,0x00000000f4d68820,0x00000000f5280000)
  to   space 70656K, 0% used [0x00000000ed180000,0x00000000ed180000,0x00000000f1680000)
 ParOldGen       total 232960K, used 162534K [0x00000000a0000000, 0x00000000ae380000, 0x00000000e0000000)
  object space 232960K, 69% used [0x00000000a0000000,0x00000000a9eb9830,0x00000000ae380000)
 Metaspace       used 88403K, capacity 91876K, committed 92160K, reserved 1128448K
  class space    used 11418K, capacity 12162K, committed 12288K, reserved 1048576K
Event: 542.168 GC heap after
Heap after GC invocations=27 (full 4):
 PSYoungGen      total 285184K, used 70634K [0x00000000e0000000, 0x00000000fa400000, 0x0000000100000000)
  eden space 214528K, 0% used [0x00000000e0000000,0x00000000e0000000,0x00000000ed180000)
  from space 70656K, 99% used [0x00000000ed180000,0x00000000f167aad8,0x00000000f1680000)
  to   space 88576K, 0% used [0x00000000f4d80000,0x00000000f4d80000,0x00000000fa400000)
 ParOldGen       total 232960K, used 175597K [0x00000000a0000000, 0x00000000ae380000, 0x00000000e0000000)
  object space 232960K, 75% used [0x00000000a0000000,0x00000000aab7b668,0x00000000ae380000)
 Metaspace       used 88403K, capacity 91876K, committed 92160K, reserved 1128448K
  class space    used 11418K, capacity 12162K, committed 12288K, reserved 1048576K
}
Event: 544.165 GC heap before
{Heap before GC invocations=28 (full 4):
 PSYoungGen      total 285184K, used 285162K [0x00000000e0000000, 0x00000000fa400000, 0x0000000100000000)
  eden space 214528K, 100% used [0x00000000e0000000,0x00000000ed180000,0x00000000ed180000)
  from space 70656K, 99% used [0x00000000ed180000,0x00000000f167aad8,0x00000000f1680000)
  to   space 88576K, 0% used [0x00000000f4d80000,0x00000000f4d80000,0x00000000fa400000)
 ParOldGen       total 232960K, used 175597K [0x00000000a0000000, 0x00000000ae380000, 0x00000000e0000000)
  object space 232960K, 75% used [0x00000000a0000000,0x00000000aab7b668,0x00000000ae380000)
 Metaspace       used 88417K, capacity 91876K, committed 92160K, reserved 1128448K
  class space    used 11418K, capacity 12162K, committed 12288K, reserved 1048576K
Event: 544.619 GC heap after
Heap after GC invocations=28 (full 4):
 PSYoungGen      total 303616K, used 88563K [0x00000000e0000000, 0x00000000ffb00000, 0x0000000100000000)
  eden space 215040K, 0% used [0x00000000e0000000,0x00000000e0000000,0x00000000ed200000)
  from space 88576K, 99% used [0x00000000f4d80000,0x00000000fa3fcc68,0x00000000fa400000)
  to   space 126464K, 0% used [0x00000000ed200000,0x00000000ed200000,0x00000000f4d80000)
 ParOldGen       total 234496K, used 234259K [0x00000000a0000000, 0x00000000ae500000, 0x00000000e0000000)
  object space 234496K, 99% used [0x00000000a0000000,0x00000000ae4c4dd8,0x00000000ae500000)
 Metaspace       used 88417K, capacity 91876K, committed 92160K, reserved 1128448K
  class space    used 11418K, capacity 12162K, committed 12288K, reserved 1048576K
}
Event: 544.620 GC heap before
{Heap before GC invocations=29 (full 5):
 PSYoungGen      total 303616K, used 88563K [0x00000000e0000000, 0x00000000ffb00000, 0x0000000100000000)
  eden space 215040K, 0% used [0x00000000e0000000,0x00000000e0000000,0x00000000ed200000)
  from space 88576K, 99% used [0x00000000f4d80000,0x00000000fa3fcc68,0x00000000fa400000)
  to   space 126464K, 0% used [0x00000000ed200000,0x00000000ed200000,0x00000000f4d80000)
 ParOldGen       total 234496K, used 234259K [0x00000000a0000000, 0x00000000ae500000, 0x00000000e0000000)
  object space 234496K, 99% used [0x00000000a0000000,0x00000000ae4c4dd8,0x00000000ae500000)
 Metaspace       used 88417K, capacity 91876K, committed 92160K, reserved 1128448K
  class space    used 11418K, capacity 12162K, committed 12288K, reserved 1048576K
Event: 548.644 GC heap after
Heap after GC invocations=29 (full 5):
 PSYoungGen      total 303616K, used 37777K [0x00000000e0000000, 0x00000000ffb00000, 0x0000000100000000)
  eden space 215040K, 0% used [0x00000000e0000000,0x00000000e0000000,0x00000000ed200000)
  from space 88576K, 42% used [0x00000000f4d80000,0x00000000f72644b0,0x00000000fa400000)
  to   space 126464K, 0% used [0x00000000ed200000,0x00000000ed200000,0x00000000f4d80000)
 ParOldGen       total 386560K, used 234164K [0x00000000a0000000, 0x00000000b7980000, 0x00000000e0000000)
  object space 386560K, 60% used [0x00000000a0000000,0x00000000ae4ad3f8,0x00000000b7980000)
 Metaspace       used 88396K, capacity 91814K, committed 92160K, reserved 1128448K
  class space    used 11411K, capacity 12149K, committed 12288K, reserved 1048576K
}

